0 info it worked if it ends with ok
1 verbose cli [ 'C:\\Users\\Jiří\\AppData\\Local\\atom\\app-1.20.0\\resources\\app\\apm\\bin\\node.exe',
1 verbose cli   'C:\\Users\\Jiří\\AppData\\Local\\atom\\app-1.20.0\\resources\\app\\apm\\node_modules\\npm\\bin\\npm-cli.js',
1 verbose cli   'version',
1 verbose cli   'major',
1 verbose cli   '-m',
1 verbose cli   'Prepare %s release' ]
2 info using npm@3.10.10
3 info using node@v6.9.5
4 info git [ 'status', '--porcelain' ]
5 verbose stack Error: Git working directory not clean.
5 verbose stack M package.json
5 verbose stack     at C:\Users\Jiří\AppData\Local\atom\app-1.20.0\resources\app\apm\node_modules\npm\lib\version.js:247:19
5 verbose stack     at C:\Users\Jiří\AppData\Local\atom\app-1.20.0\resources\app\apm\node_modules\npm\lib\utils\no-progress-while-running.js:21:8
5 verbose stack     at ChildProcess.exithandler (child_process.js:197:7)
5 verbose stack     at emitTwo (events.js:106:13)
5 verbose stack     at ChildProcess.emit (events.js:191:7)
5 verbose stack     at maybeClose (internal/child_process.js:877:16)
5 verbose stack     at Socket.<anonymous> (internal/child_process.js:334:11)
5 verbose stack     at emitOne (events.js:96:13)
5 verbose stack     at Socket.emit (events.js:188:7)
5 verbose stack     at Pipe._handle.close [as _onclose] (net.js:498:12)
6 verbose cwd C:\Users\Jiří\github\darker-one-dark-syntax
7 error Windows_NT 10.0.16299
8 error argv "C:\\Users\\Jiří\\AppData\\Local\\atom\\app-1.20.0\\resources\\app\\apm\\bin\\node.exe" "C:\\Users\\Jiří\\AppData\\Local\\atom\\app-1.20.0\\resources\\app\\apm\\node_modules\\npm\\bin\\npm-cli.js" "version" "major" "-m" "Prepare %s release"
9 error node v6.9.5
10 error npm  v3.10.10
11 error Git working directory not clean.
11 error M package.json
12 error If you need help, you may report this error at:
12 error     <https://github.com/npm/npm/issues>
13 verbose exit [ 1, true ]
